  DirectX.cpp
c:\users\milan\documents\visual studio 2017\projects\directx\directx\GenSinus.h(73): warning C4244: 'initializing': conversion from 'double' to 'int', possible loss of data
c:\users\milan\documents\visual studio 2017\projects\directx\directx\GenSinus.h(79): warning C4244: '=': conversion from 'float' to 'short', possible loss of data
c:\users\milan\documents\visual studio 2017\projects\directx\directx\GenSinus.h(81): warning C4244: '=': conversion from 'float' to 'short', possible loss of data
c:\users\milan\documents\visual studio 2017\projects\directx\directx\GenSinus.h(83): warning C4244: '=': conversion from 'float' to 'short', possible loss of data
c:\users\milan\documents\visual studio 2017\projects\directx\directx\GenSinus.h(85): warning C4244: '=': conversion from 'float' to 'short', possible loss of data
DirectX.cpp(127): warning C4838: conversion from 'D3DCOLOR' to 'float' requires a narrowing conversion
DirectX.cpp(127): warning C4305: 'initializing': truncation from 'D3DCOLOR' to 'float'
DirectX.cpp(139): warning C4838: conversion from 'D3DCOLOR' to 'float' requires a narrowing conversion
DirectX.cpp(139): warning C4305: 'initializing': truncation from 'D3DCOLOR' to 'float'
DirectX.cpp(304): warning C4101: 'pVoid': unreferenced local variable
DirectX.cpp(518): warning C4244: 'argument': conversion from 'int' to 'float', possible loss of data
DirectX.cpp(418): warning C4101: 'pVoid': unreferenced local variable
DirectX.cpp(692): warning C4305: 'initializing': truncation from 'double' to 'float'
DirectX.cpp(697): warning C4305: '=': truncation from 'double' to 'float'
DirectX.cpp(738): warning C4018: '<': signed/unsigned mismatch
DirectX.cpp(766): warning C4244: '+=': conversion from 'double' to 'float', possible loss of data
DirectX.cpp(769): warning C4305: 'argument': truncation from 'double' to 'FLOAT'
DirectX.cpp(773): warning C4305: '+=': truncation from 'double' to 'float'
DirectX.cpp(797): warning C4244: 'argument': conversion from 'int' to 'FLOAT', possible loss of data
DirectX.cpp(804): warning C4244: 'argument': conversion from 'int' to 'FLOAT', possible loss of data
DirectX.cpp(813): warning C4244: 'argument': conversion from 'int' to 'FLOAT', possible loss of data
DirectX.cpp(820): warning C4244: 'argument': conversion from 'int' to 'FLOAT', possible loss of data
DirectX.cpp(827): warning C4305: 'argument': truncation from 'double' to 'FLOAT'
DirectX.cpp(830): warning C4244: 'argument': conversion from 'int' to 'FLOAT', possible loss of data
DirectX.cpp(837): warning C4244: 'argument': conversion from 'int' to 'FLOAT', possible loss of data
DirectX.cpp(842): warning C4305: 'argument': truncation from 'double' to 'FLOAT'
DirectX.cpp(845): warning C4244: 'argument': conversion from 'int' to 'FLOAT', possible loss of data
  Generating code
  0 of 88 functions ( 0.0%) were compiled, the rest were copied from previous compilation.
    0 functions were new in current compilation
    0 functions had inline decision re-evaluated but remain unchanged
  Finished generating code
  DirectX.vcxproj -> C:\Users\Milan\Documents\Visual Studio 2017\Projects\DirectX\Release\DirectX.exe
  DirectX.vcxproj -> C:\Users\Milan\Documents\Visual Studio 2017\Projects\DirectX\Release\DirectX.pdb (Full PDB)
